<?xml version="1.0" encoding="UTF-8"?>
<testsuite xmlns:xsi="http://www.w3.org/2001/XMLSchema-instance" xsi:noNamespaceSchemaLocation="https://maven.apache.org/surefire/maven-surefire-plugin/xsd/surefire-test-report.xsd" name="com.pinyougou.AppTest" time="0.026" tests="1" errors="0" skipped="0" failures="0">
  <properties>
    <property name="sun.desktop" value="windows"/>
    <property name="awt.toolkit" value="sun.awt.windows.WToolkit"/>
    <property name="file.encoding.pkg" value="sun.io"/>
    <property name="java.specification.version" value="1.8"/>
    <property name="sun.cpu.isalist" value="amd64"/>
    <property name="sun.jnu.encoding" value="GBK"/>
    <property name="java.class.path" value="E:\ideaworkspace\pinyougou-parent\pinyougou-common\target\test-classes;E:\ideaworkspace\pinyougou-parent\pinyougou-common\target\classes;D:\SoftWare\apacheMaven\MavenRepository\junit\junit\4.11\junit-4.11.jar;D:\SoftWare\apacheMaven\MavenRepository\org\hamcrest\hamcrest-core\1.3\hamcrest-core-1.3.jar;"/>
    <property name="java.vm.vendor" value="Oracle Corporation"/>
    <property name="sun.arch.data.model" value="64"/>
    <property name="user.variant" value=""/>
    <property name="java.vendor.url" value="http://java.oracle.com/"/>
    <property name="user.timezone" value="Asia/Shanghai"/>
    <property name="java.vm.specification.version" value="1.8"/>
    <property name="os.name" value="Windows 10"/>
    <property name="user.country" value="CN"/>
    <property name="sun.java.launcher" value="SUN_STANDARD"/>
    <property name="sun.boot.library.path" value="C:\Program Files\Java\jdk1.8.0_144\jre\bin"/>
    <property name="sun.java.command" value="C:\Users\94010\AppData\Local\Temp\surefire6588949864947989609\surefirebooter5180699345836238287.jar C:\Users\94010\AppData\Local\Temp\surefire6588949864947989609 2021-11-28T22-36-49_965-jvmRun1 surefire892153672190831784tmp surefire_15041934355922506411tmp"/>
    <property name="surefire.test.class.path" value="E:\ideaworkspace\pinyougou-parent\pinyougou-common\target\test-classes;E:\ideaworkspace\pinyougou-parent\pinyougou-common\target\classes;D:\SoftWare\apacheMaven\MavenRepository\junit\junit\4.11\junit-4.11.jar;D:\SoftWare\apacheMaven\MavenRepository\org\hamcrest\hamcrest-core\1.3\hamcrest-core-1.3.jar;"/>
    <property name="sun.cpu.endian" value="little"/>
    <property name="user.home" value="C:\Users\94010"/>
    <property name="user.language" value="zh"/>
    <property name="java.specification.vendor" value="Oracle Corporation"/>
    <property name="java.home" value="C:\Program Files\Java\jdk1.8.0_144\jre"/>
    <property name="basedir" value="E:\ideaworkspace\pinyougou-parent\pinyougou-common"/>
    <property name="file.separator" value="\"/>
    <property name="line.separator" value="&#10;"/>
    <property name="java.vm.specification.vendor" value="Oracle Corporation"/>
    <property name="java.specification.name" value="Java Platform API Specification"/>
    <property name="java.awt.graphicsenv" value="sun.awt.Win32GraphicsEnvironment"/>
    <property name="surefire.real.class.path" value="C:\Users\94010\AppData\Local\Temp\surefire6588949864947989609\surefirebooter5180699345836238287.jar"/>
    <property name="sun.boot.class.path" value="C:\Program Files\Java\jdk1.8.0_144\jre\lib\resources.jar;C:\Program Files\Java\jdk1.8.0_144\jre\lib\rt.jar;C:\Program Files\Java\jdk1.8.0_144\jre\lib\sunrsasign.jar;C:\Program Files\Java\jdk1.8.0_144\jre\lib\jsse.jar;C:\Program Files\Java\jdk1.8.0_144\jre\lib\jce.jar;C:\Program Files\Java\jdk1.8.0_144\jre\lib\charsets.jar;C:\Program Files\Java\jdk1.8.0_144\jre\lib\jfr.jar;C:\Program Files\Java\jdk1.8.0_144\jre\classes"/>
    <property name="user.script" value=""/>
    <property name="sun.management.compiler" value="HotSpot 64-Bit Tiered Compilers"/>
    <property name="java.runtime.version" value="1.8.0_144-b01"/>
    <property name="user.name" value="94010"/>
    <property name="path.separator" value=";"/>
    <property name="os.version" value="10.0"/>
    <property name="java.endorsed.dirs" value="C:\Program Files\Java\jdk1.8.0_144\jre\lib\endorsed"/>
    <property name="java.runtime.name" value="Java(TM) SE Runtime Environment"/>
    <property name="file.encoding" value="GBK"/>
    <property name="java.vm.name" value="Java HotSpot(TM) 64-Bit Server VM"/>
    <property name="localRepository" value="D:\SoftWare\apacheMaven\MavenRepository"/>
    <property name="java.vendor.url.bug" value="http://bugreport.sun.com/bugreport/"/>
    <property name="java.io.tmpdir" value="C:\Users\94010\AppData\Local\Temp\"/>
    <property name="java.version" value="1.8.0_144"/>
    <property name="user.dir" value="E:\ideaworkspace\pinyougou-parent\pinyougou-common"/>
    <property name="os.arch" value="amd64"/>
    <property name="java.vm.specification.name" value="Java Virtual Machine Specification"/>
    <property name="java.awt.printerjob" value="sun.awt.windows.WPrinterJob"/>
    <property name="sun.os.patch.level" value=""/>
    <property name="java.library.path" value="C:\Program Files\Java\jdk1.8.0_144\jre\bin;C:\WINDOWS\Sun\Java\bin;C:\WINDOWS\system32;C:\WINDOWS;;C:\ProgramData\Oracle\Java\javapath;C:\WINDOWS\system32;C:\WINDOWS;C:\WINDOWS\System32\Wbem;C:\WINDOWS\System32\WindowsPowerShell\v1.0\;C:\Program Files\Java\jdk1.8.0_144\\bin;C:\Program Files\Git\cmd;C:\WINDOWS\System32\OpenSSH\;D:\SoftWare\mysql\mysql-5.7.21-winx64\bin;D:\SoftWare\nodeJs;D:\SoftWare\phantomjs-2.1.1-windows\bin;C:\Program Files (x86)\Google\Chrome\Application\chromedriver;D:\SoftWare\mongodb\bin;C:\Users\94010\AppData\Local\Programs\Python\Python36;C:\Program Files\dotnet\;C:\Program Files (x86)\dotnet\;D:\SoftWare\apacheMaven\bin;C:\Users\94010\Miniconda3;C:\Users\94010\Miniconda3\Library\mingw-w64\bin;C:\Users\94010\Miniconda3\Library\usr\bin;C:\Users\94010\Miniconda3\Library\bin;C:\Users\94010\Miniconda3\Scripts;C:\Users\94010\AppData\Local\Programs\Python\Python36\Scripts\;C:\Users\94010\AppData\Local\Programs\Python\Python36\;C:\Users\94010\AppData\Local\Microsoft\WindowsApps;C:\Users\94010\AppData\Local\Programs\Microsoft VS Code\bin;C:\Program Files\JetBrains\PyCharm 2019.3\bin;D:\SoftWare\nodeJs\node_global;C:\Users\94010\AppData\Local\Microsoft\WindowsApps;C:\Program Files\Bandizip\;C:\Users\94010\AppData\Local\Programs\Fiddler;;."/>
    <property name="java.vm.info" value="mixed mode"/>
    <property name="java.vendor" value="Oracle Corporation"/>
    <property name="java.vm.version" value="25.144-b01"/>
    <property name="java.ext.dirs" value="C:\Program Files\Java\jdk1.8.0_144\jre\lib\ext;C:\WINDOWS\Sun\Java\lib\ext"/>
    <property name="sun.io.unicode.encoding" value="UnicodeLittle"/>
    <property name="java.class.version" value="52.0"/>
  </properties>
  <testcase name="shouldAnswerWithTrue" classname="com.pinyougou.AppTest" time="0.001"/>
</testsuite>